[INFO_|06/14 15:27:00|OSTools.printMemoryUsage:448] Memory-K: max=253440, total=30400, free=12754, used=17646
[INFO_|06/14 15:27:00|BasicPrivateLabelLoader.printInfo:380] Not a 'Track/Service' servlet
[INFO_|06/14 15:27:00|DCServerFactory._loadDCServerXML:614] DCServerConfig XML file not loaded: D:\tomcat\webapps\events\WEB-INF\dcservers.xml
[INFO_|06/14 15:27:00|RTConfigContextListener.contextInitialized:211] java.awt.headless=false
[ERROR|06/14 15:31:38|Events._doWork:385] Account password was invalid: sysadmin
[INFO_|06/14 16:29:23|OSTools.printMemoryUsage:448] Memory-K: max=253440, total=15936, free=5123, used=10813
[INFO_|06/14 16:29:24|BasicPrivateLabelLoader.printInfo:380] Not a 'Track/Service' servlet
[INFO_|06/14 16:29:24|DCServerFactory._loadDCServerXML:614] DCServerConfig XML file not loaded: D:\tomcat\webapps\events\WEB-INF\dcservers.xml
[INFO_|06/14 16:29:24|RTConfigContextListener.contextInitialized:211] java.awt.headless=false
[INFO_|06/14 17:42:49|OSTools.printMemoryUsage:448] Memory-K: max=253440, total=38004, free=11922, used=26082
[INFO_|06/14 17:42:50|BasicPrivateLabelLoader.printInfo:380] Not a 'Track/Service' servlet
[INFO_|06/14 17:42:50|DCServerFactory._loadDCServerXML:614] DCServerConfig XML file not loaded: D:\tomcat\webapps\events\WEB-INF\dcservers.xml
[INFO_|06/14 17:42:50|RTConfigContextListener.contextInitialized:211] java.awt.headless=false
[INFO_|06/14 17:45:19|EventData.getOdometerOffsetKM:1570] Default Odometer Offset Type: BEST
[INFO_|06/14 17:45:19|EventData.getOdometerOffsetKM:1571] (Odometer offset obtained from the EventData or Device records)
[ERROR|06/14 17:47:27|Events._doWork:336] Account not found: gts
[INFO_|06/14 19:06:10|DBConnection.closeAllConnections:334] Closed all open DBConnections: 2
[INFO_|06/14 19:06:11|RTConfigContextListener.contextDestroyed:243] Remaining pool threads [0]: 0
[INFO_|06/14 19:06:11|RTConfigContextListener.contextDestroyed:246] ... Servlet Context destroyed: DeviceEvents
[INFO_|06/14 19:06:11|RTConfigContextListener.contextDestroyed:247] -----------------------------------------------
[INFO_|06/14 19:06:11|OSTools.printMemoryUsage:448] Memory-K: max=253440, total=46852, free=17892, used=28960
[INFO_|06/14 19:06:11|BasicPrivateLabelLoader.printInfo:380] Not a 'Track/Service' servlet
[INFO_|06/14 19:06:12|DCServerFactory._loadDCServerXML:614] DCServerConfig XML file not loaded: D:\tomcat\webapps\events\WEB-INF\dcservers.xml
[INFO_|06/14 19:06:12|RTConfigContextListener.contextInitialized:211] java.awt.headless=false
[INFO_|06/17 10:34:23|OSTools.printMemoryUsage:448] Memory-K: max=253440, total=15872, free=6345, used=9527
[INFO_|06/17 10:34:23|BasicPrivateLabelLoader.printInfo:380] Not a 'Track/Service' servlet
[INFO_|06/17 10:34:24|DCServerFactory._loadDCServerXML:614] DCServerConfig XML file not loaded: D:\tomcat\webapps\events\WEB-INF\dcservers.xml
[INFO_|06/17 10:34:24|RTConfigContextListener.contextInitialized:211] java.awt.headless=false
[INFO_|07/22 19:07:47|OSTools.printMemoryUsage:448] Memory-K: max=429632, total=83520, free=16230, used=67290
[INFO_|07/22 19:07:47|BasicPrivateLabelLoader.printInfo:380] Not a 'Track/Service' servlet
[INFO_|07/22 19:07:47|DCServerFactory._loadDCServerXML:614] DCServerConfig XML file not loaded: /home/protocol/tomcat/webapps/events/WEB-INF/dcservers.xml
[INFO_|07/22 19:07:47|RTConfigContextListener.contextInitialized:211] java.awt.headless=false
[INFO_|07/22 19:36:00|RTConfigContextListener.contextDestroyed:243] Remaining pool threads [0]: 0
[INFO_|07/22 19:36:00|RTConfigContextListener.contextDestroyed:246] ... Servlet Context destroyed: DeviceEvents
[INFO_|07/22 19:36:00|RTConfigContextListener.contextDestroyed:247] -----------------------------------------------
[INFO_|07/22 19:41:05|OSTools.printMemoryUsage:448] Memory-K: max=429632, total=84096, free=16934, used=67162
[INFO_|07/22 19:41:05|BasicPrivateLabelLoader.printInfo:380] Not a 'Track/Service' servlet
[INFO_|07/22 19:41:06|DCServerFactory._loadDCServerXML:614] DCServerConfig XML file not loaded: /home/protocol/tomcat/webapps/events/WEB-INF/dcservers.xml
[INFO_|07/22 19:41:06|RTConfigContextListener.contextInitialized:211] java.awt.headless=false
[INFO_|07/22 19:53:29|RTConfigContextListener.contextDestroyed:243] Remaining pool threads [0]: 0
[INFO_|07/22 19:53:29|RTConfigContextListener.contextDestroyed:246] ... Servlet Context destroyed: DeviceEvents
[INFO_|07/22 19:53:29|RTConfigContextListener.contextDestroyed:247] -----------------------------------------------
[INFO_|07/22 19:53:30|OSTools.printMemoryUsage:448] Memory-K: max=429632, total=145088, free=68821, used=76267
[INFO_|07/22 19:53:30|BasicPrivateLabelLoader.printInfo:380] Not a 'Track/Service' servlet
[INFO_|07/22 19:53:31|DCServerFactory._loadDCServerXML:614] DCServerConfig XML file not loaded: /home/protocol/tomcat/webapps/events/WEB-INF/dcservers.xml
[INFO_|07/22 19:53:31|RTConfigContextListener.contextInitialized:211] java.awt.headless=false
[INFO_|07/22 20:55:14|RTConfigContextListener.contextDestroyed:243] Remaining pool threads [0]: 0
[INFO_|07/22 20:55:14|RTConfigContextListener.contextDestroyed:246] ... Servlet Context destroyed: DeviceEvents
[INFO_|07/22 20:55:14|RTConfigContextListener.contextDestroyed:247] -----------------------------------------------
[INFO_|07/22 20:55:15|OSTools.printMemoryUsage:448] Memory-K: max=429632, total=164288, free=28416, used=135872
[INFO_|07/22 20:55:15|BasicPrivateLabelLoader.printInfo:380] Not a 'Track/Service' servlet
[INFO_|07/22 20:55:15|DCServerFactory._loadDCServerXML:614] DCServerConfig XML file not loaded: /home/protocol/tomcat/webapps/events/WEB-INF/dcservers.xml
[INFO_|07/22 20:55:15|RTConfigContextListener.contextInitialized:211] java.awt.headless=false
[INFO_|07/22 21:55:29|RTConfigContextListener.contextDestroyed:243] Remaining pool threads [0]: 0
[INFO_|07/22 21:55:29|RTConfigContextListener.contextDestroyed:246] ... Servlet Context destroyed: DeviceEvents
[INFO_|07/22 21:55:29|RTConfigContextListener.contextDestroyed:247] -----------------------------------------------
[INFO_|07/23 12:15:02|OSTools.printMemoryUsage:448] Memory-K: max=429632, total=83648, free=12976, used=70672
[INFO_|07/23 12:15:02|BasicPrivateLabelLoader.printInfo:380] Not a 'Track/Service' servlet
[INFO_|07/23 12:15:02|DCServerFactory._loadDCServerXML:614] DCServerConfig XML file not loaded: /home/protocol/tomcat/webapps/events/WEB-INF/dcservers.xml
[INFO_|07/23 12:15:02|RTConfigContextListener.contextInitialized:211] java.awt.headless=false
[INFO_|07/23 12:16:21|RTConfigContextListener.contextDestroyed:243] Remaining pool threads [0]: 0
[INFO_|07/23 12:16:21|RTConfigContextListener.contextDestroyed:246] ... Servlet Context destroyed: DeviceEvents
[INFO_|07/23 12:16:21|RTConfigContextListener.contextDestroyed:247] -----------------------------------------------
[INFO_|07/23 12:16:26|OSTools.printMemoryUsage:448] Memory-K: max=429632, total=83840, free=13792, used=70048
[INFO_|07/23 12:16:27|BasicPrivateLabelLoader.printInfo:380] Not a 'Track/Service' servlet
[INFO_|07/23 12:16:27|DCServerFactory._loadDCServerXML:614] DCServerConfig XML file not loaded: /home/protocol/tomcat/webapps/events/WEB-INF/dcservers.xml
[INFO_|07/23 12:16:27|RTConfigContextListener.contextInitialized:211] java.awt.headless=false
[INFO_|07/23 12:17:58|RTConfigContextListener.contextDestroyed:243] Remaining pool threads [0]: 0
[INFO_|07/23 12:17:58|RTConfigContextListener.contextDestroyed:246] ... Servlet Context destroyed: DeviceEvents
[INFO_|07/23 12:17:58|RTConfigContextListener.contextDestroyed:247] -----------------------------------------------
[INFO_|07/23 12:18:20|OSTools.printMemoryUsage:448] Memory-K: max=429632, total=102528, free=73052, used=29476
[INFO_|07/23 12:18:20|BasicPrivateLabelLoader.printInfo:380] Not a 'Track/Service' servlet
[INFO_|07/23 12:18:20|DCServerFactory._loadDCServerXML:614] DCServerConfig XML file not loaded: /home/protocol/tomcat/webapps/events/WEB-INF/dcservers.xml
[INFO_|07/23 12:18:20|RTConfigContextListener.contextInitialized:211] java.awt.headless=false
[INFO_|07/23 12:20:03|RTConfigContextListener.contextDestroyed:243] Remaining pool threads [0]: 0
[INFO_|07/23 12:20:03|RTConfigContextListener.contextDestroyed:246] ... Servlet Context destroyed: DeviceEvents
[INFO_|07/23 12:20:03|RTConfigContextListener.contextDestroyed:247] -----------------------------------------------
[INFO_|07/23 12:20:26|OSTools.printMemoryUsage:448] Memory-K: max=429632, total=99456, free=74931, used=24525
[INFO_|07/23 12:20:27|BasicPrivateLabelLoader.printInfo:380] Not a 'Track/Service' servlet
[INFO_|07/23 12:20:27|DCServerFactory._loadDCServerXML:614] DCServerConfig XML file not loaded: /home/protocol/tomcat/webapps/events/WEB-INF/dcservers.xml
[INFO_|07/23 12:20:27|RTConfigContextListener.contextInitialized:211] java.awt.headless=false
[INFO_|07/23 12:23:43|RTConfigContextListener.contextDestroyed:243] Remaining pool threads [0]: 0
[INFO_|07/23 12:23:43|RTConfigContextListener.contextDestroyed:246] ... Servlet Context destroyed: DeviceEvents
[INFO_|07/23 12:23:43|RTConfigContextListener.contextDestroyed:247] -----------------------------------------------
[INFO_|07/23 12:23:48|OSTools.printMemoryUsage:448] Memory-K: max=429632, total=102208, free=72758, used=29450
[INFO_|07/23 12:23:48|BasicPrivateLabelLoader.printInfo:380] Not a 'Track/Service' servlet
[INFO_|07/23 12:23:48|DCServerFactory._loadDCServerXML:614] DCServerConfig XML file not loaded: /home/protocol/tomcat/webapps/events/WEB-INF/dcservers.xml
[INFO_|07/23 12:23:48|RTConfigContextListener.contextInitialized:211] java.awt.headless=false
[INFO_|07/23 12:25:23|RTConfigContextListener.contextDestroyed:243] Remaining pool threads [0]: 0
[INFO_|07/23 12:25:23|RTConfigContextListener.contextDestroyed:246] ... Servlet Context destroyed: DeviceEvents
[INFO_|07/23 12:25:23|RTConfigContextListener.contextDestroyed:247] -----------------------------------------------
[INFO_|07/23 12:47:56|OSTools.printMemoryUsage:448] Memory-K: max=429632, total=84032, free=12843, used=71189
[INFO_|07/23 12:47:56|BasicPrivateLabelLoader.printInfo:380] Not a 'Track/Service' servlet
[INFO_|07/23 12:47:56|DCServerFactory._loadDCServerXML:614] DCServerConfig XML file not loaded: /home/protocol/tomcat/webapps/events/WEB-INF/dcservers.xml
[INFO_|07/23 12:47:56|RTConfigContextListener.contextInitialized:211] java.awt.headless=false
[INFO_|07/23 12:55:07|RTConfigContextListener.contextDestroyed:243] Remaining pool threads [0]: 0
[INFO_|07/23 12:55:07|RTConfigContextListener.contextDestroyed:246] ... Servlet Context destroyed: DeviceEvents
[INFO_|07/23 12:55:07|RTConfigContextListener.contextDestroyed:247] -----------------------------------------------
[INFO_|07/23 12:55:11|OSTools.printMemoryUsage:448] Memory-K: max=429632, total=103488, free=73913, used=29575
[INFO_|07/23 12:55:11|BasicPrivateLabelLoader.printInfo:380] Not a 'Track/Service' servlet
[INFO_|07/23 12:55:12|DCServerFactory._loadDCServerXML:614] DCServerConfig XML file not loaded: /home/protocol/tomcat/webapps/events/WEB-INF/dcservers.xml
[INFO_|07/23 12:55:12|RTConfigContextListener.contextInitialized:211] java.awt.headless=false
[INFO_|07/23 12:58:44|RTConfigContextListener.contextDestroyed:243] Remaining pool threads [0]: 0
[INFO_|07/23 12:58:44|RTConfigContextListener.contextDestroyed:246] ... Servlet Context destroyed: DeviceEvents
[INFO_|07/23 12:58:44|RTConfigContextListener.contextDestroyed:247] -----------------------------------------------
[INFO_|07/23 12:59:01|OSTools.printMemoryUsage:448] Memory-K: max=429632, total=100288, free=72788, used=27500
[INFO_|07/23 12:59:01|BasicPrivateLabelLoader.printInfo:380] Not a 'Track/Service' servlet
[INFO_|07/23 12:59:01|DCServerFactory._loadDCServerXML:614] DCServerConfig XML file not loaded: /home/protocol/tomcat/webapps/events/WEB-INF/dcservers.xml
[INFO_|07/23 12:59:01|RTConfigContextListener.contextInitialized:211] java.awt.headless=false
[INFO_|07/23 13:00:45|RTConfigContextListener.contextDestroyed:243] Remaining pool threads [0]: 0
[INFO_|07/23 13:00:45|RTConfigContextListener.contextDestroyed:246] ... Servlet Context destroyed: DeviceEvents
[INFO_|07/23 13:00:45|RTConfigContextListener.contextDestroyed:247] -----------------------------------------------
[INFO_|07/23 13:00:50|OSTools.printMemoryUsage:448] Memory-K: max=429632, total=102784, free=76819, used=25965
[INFO_|07/23 13:00:50|BasicPrivateLabelLoader.printInfo:380] Not a 'Track/Service' servlet
[INFO_|07/23 13:00:50|DCServerFactory._loadDCServerXML:614] DCServerConfig XML file not loaded: /home/protocol/tomcat/webapps/events/WEB-INF/dcservers.xml
[INFO_|07/23 13:00:50|RTConfigContextListener.contextInitialized:211] java.awt.headless=false
[INFO_|07/23 13:10:35|RTConfigContextListener.contextDestroyed:243] Remaining pool threads [0]: 0
[INFO_|07/23 13:10:35|RTConfigContextListener.contextDestroyed:246] ... Servlet Context destroyed: DeviceEvents
[INFO_|07/23 13:10:35|RTConfigContextListener.contextDestroyed:247] -----------------------------------------------
[INFO_|07/23 13:10:40|OSTools.printMemoryUsage:448] Memory-K: max=429632, total=99456, free=73301, used=26155
[INFO_|07/23 13:10:40|BasicPrivateLabelLoader.printInfo:380] Not a 'Track/Service' servlet
[INFO_|07/23 13:10:40|DCServerFactory._loadDCServerXML:614] DCServerConfig XML file not loaded: /home/protocol/tomcat/webapps/events/WEB-INF/dcservers.xml
[INFO_|07/23 13:10:40|RTConfigContextListener.contextInitialized:211] java.awt.headless=false
[INFO_|07/23 13:12:42|RTConfigContextListener.contextDestroyed:243] Remaining pool threads [0]: 0
[INFO_|07/23 13:12:42|RTConfigContextListener.contextDestroyed:246] ... Servlet Context destroyed: DeviceEvents
[INFO_|07/23 13:12:42|RTConfigContextListener.contextDestroyed:247] -----------------------------------------------
[INFO_|07/23 13:12:46|OSTools.printMemoryUsage:448] Memory-K: max=429632, total=83712, free=13026, used=70686
[INFO_|07/23 13:12:46|BasicPrivateLabelLoader.printInfo:380] Not a 'Track/Service' servlet
[INFO_|07/23 13:12:46|DCServerFactory._loadDCServerXML:614] DCServerConfig XML file not loaded: /home/protocol/tomcat/webapps/events/WEB-INF/dcservers.xml
[INFO_|07/23 13:12:47|RTConfigContextListener.contextInitialized:211] java.awt.headless=false
[INFO_|07/23 13:13:43|RTConfigContextListener.contextDestroyed:243] Remaining pool threads [0]: 0
[INFO_|07/23 13:13:43|RTConfigContextListener.contextDestroyed:246] ... Servlet Context destroyed: DeviceEvents
[INFO_|07/23 13:13:43|RTConfigContextListener.contextDestroyed:247] -----------------------------------------------
[INFO_|07/23 15:34:37|OSTools.printMemoryUsage:448] Memory-K: max=429632, total=84224, free=14666, used=69558
[INFO_|07/23 15:34:38|BasicPrivateLabelLoader.printInfo:380] Not a 'Track/Service' servlet
[INFO_|07/23 15:34:38|DCServerFactory._loadDCServerXML:614] DCServerConfig XML file not loaded: /home/protocol/tomcat/webapps/events/WEB-INF/dcservers.xml
[INFO_|07/23 15:34:38|RTConfigContextListener.contextInitialized:211] java.awt.headless=false
[INFO_|07/23 15:36:32|RTConfigContextListener.contextDestroyed:243] Remaining pool threads [0]: 0
[INFO_|07/23 15:36:32|RTConfigContextListener.contextDestroyed:246] ... Servlet Context destroyed: DeviceEvents
[INFO_|07/23 15:36:32|RTConfigContextListener.contextDestroyed:247] -----------------------------------------------
[INFO_|07/23 15:36:33|OSTools.printMemoryUsage:448] Memory-K: max=429632, total=146496, free=69647, used=76849
[INFO_|07/23 15:36:33|BasicPrivateLabelLoader.printInfo:380] Not a 'Track/Service' servlet
[INFO_|07/23 15:36:33|DCServerFactory._loadDCServerXML:614] DCServerConfig XML file not loaded: /home/protocol/tomcat/webapps/events/WEB-INF/dcservers.xml
[INFO_|07/23 15:36:33|RTConfigContextListener.contextInitialized:211] java.awt.headless=false
[INFO_|07/23 17:07:45|RTConfigContextListener.contextDestroyed:243] Remaining pool threads [0]: 0
[INFO_|07/23 17:07:45|RTConfigContextListener.contextDestroyed:246] ... Servlet Context destroyed: DeviceEvents
[INFO_|07/23 17:07:45|RTConfigContextListener.contextDestroyed:247] -----------------------------------------------
[INFO_|07/23 17:07:45|OSTools.printMemoryUsage:448] Memory-K: max=429632, total=164864, free=87413, used=77451
[INFO_|07/23 17:07:46|BasicPrivateLabelLoader.printInfo:380] Not a 'Track/Service' servlet
[INFO_|07/23 17:07:46|DCServerFactory._loadDCServerXML:614] DCServerConfig XML file not loaded: /home/protocol/tomcat/webapps/events/WEB-INF/dcservers.xml
[INFO_|07/23 17:07:46|RTConfigContextListener.contextInitialized:211] java.awt.headless=false
[INFO_|07/23 17:11:32|RTConfigContextListener.contextDestroyed:243] Remaining pool threads [0]: 0
[INFO_|07/23 17:11:32|RTConfigContextListener.contextDestroyed:246] ... Servlet Context destroyed: DeviceEvents
[INFO_|07/23 17:11:32|RTConfigContextListener.contextDestroyed:247] -----------------------------------------------
[INFO_|07/23 17:11:38|OSTools.printMemoryUsage:448] Memory-K: max=429632, total=99520, free=73128, used=26392
[INFO_|07/23 17:11:38|BasicPrivateLabelLoader.printInfo:380] Not a 'Track/Service' servlet
[INFO_|07/23 17:11:38|DCServerFactory._loadDCServerXML:614] DCServerConfig XML file not loaded: /home/protocol/tomcat/webapps/events/WEB-INF/dcservers.xml
[INFO_|07/23 17:11:38|RTConfigContextListener.contextInitialized:211] java.awt.headless=false
[INFO_|07/23 17:15:00|RTConfigContextListener.contextDestroyed:243] Remaining pool threads [0]: 0
[INFO_|07/23 17:15:00|RTConfigContextListener.contextDestroyed:246] ... Servlet Context destroyed: DeviceEvents
[INFO_|07/23 17:15:00|RTConfigContextListener.contextDestroyed:247] -----------------------------------------------
[INFO_|07/23 17:15:47|OSTools.printMemoryUsage:448] Memory-K: max=429632, total=100544, free=73209, used=27335
[INFO_|07/23 17:15:48|BasicPrivateLabelLoader.printInfo:380] Not a 'Track/Service' servlet
[INFO_|07/23 17:15:48|DCServerFactory._loadDCServerXML:614] DCServerConfig XML file not loaded: /home/protocol/tomcat/webapps/events/WEB-INF/dcservers.xml
[INFO_|07/23 17:15:48|RTConfigContextListener.contextInitialized:211] java.awt.headless=false
[INFO_|07/23 17:16:21|RTConfigContextListener.contextDestroyed:243] Remaining pool threads [0]: 0
[INFO_|07/23 17:16:21|RTConfigContextListener.contextDestroyed:246] ... Servlet Context destroyed: DeviceEvents
[INFO_|07/23 17:16:21|RTConfigContextListener.contextDestroyed:247] -----------------------------------------------
[INFO_|07/23 17:16:22|OSTools.printMemoryUsage:448] Memory-K: max=429632, total=172416, free=84089, used=88327
[INFO_|07/23 17:16:22|BasicPrivateLabelLoader.printInfo:380] Not a 'Track/Service' servlet
[INFO_|07/23 17:16:22|DCServerFactory._loadDCServerXML:614] DCServerConfig XML file not loaded: /home/protocol/tomcat/webapps/events/WEB-INF/dcservers.xml
[INFO_|07/23 17:16:22|RTConfigContextListener.contextInitialized:211] java.awt.headless=false
[INFO_|07/23 21:31:38|RTConfigContextListener.contextDestroyed:243] Remaining pool threads [0]: 0
[INFO_|07/23 21:31:38|RTConfigContextListener.contextDestroyed:246] ... Servlet Context destroyed: DeviceEvents
[INFO_|07/23 21:31:38|RTConfigContextListener.contextDestroyed:247] -----------------------------------------------
[INFO_|07/24 14:57:53|OSTools.printMemoryUsage:448] Memory-K: max=429632, total=102784, free=73336, used=29448
[INFO_|07/24 14:57:54|BasicPrivateLabelLoader.printInfo:380] Not a 'Track/Service' servlet
[INFO_|07/24 14:57:54|DCServerFactory._loadDCServerXML:614] DCServerConfig XML file not loaded: /home/protocol/tomcat/webapps/events/WEB-INF/dcservers.xml
[INFO_|07/24 14:57:54|RTConfigContextListener.contextInitialized:211] java.awt.headless=false
[INFO_|07/24 15:03:08|RTConfigContextListener.contextDestroyed:243] Remaining pool threads [0]: 0
[INFO_|07/24 15:03:08|RTConfigContextListener.contextDestroyed:246] ... Servlet Context destroyed: DeviceEvents
[INFO_|07/24 15:03:08|RTConfigContextListener.contextDestroyed:247] -----------------------------------------------
[INFO_|07/24 15:03:09|OSTools.printMemoryUsage:448] Memory-K: max=429632, total=176704, free=95714, used=80990
[INFO_|07/24 15:03:09|BasicPrivateLabelLoader.printInfo:380] Not a 'Track/Service' servlet
[INFO_|07/24 15:03:09|DCServerFactory._loadDCServerXML:614] DCServerConfig XML file not loaded: /home/protocol/tomcat/webapps/events/WEB-INF/dcservers.xml
[INFO_|07/24 15:03:09|RTConfigContextListener.contextInitialized:211] java.awt.headless=false
[INFO_|07/24 21:30:05|RTConfigContextListener.contextDestroyed:243] Remaining pool threads [0]: 0
[INFO_|07/24 21:30:05|RTConfigContextListener.contextDestroyed:246] ... Servlet Context destroyed: DeviceEvents
[INFO_|07/24 21:30:05|RTConfigContextListener.contextDestroyed:247] -----------------------------------------------
[INFO_|07/25 15:55:42|OSTools.printMemoryUsage:448] Memory-K: max=429632, total=83456, free=13857, used=69599
[INFO_|07/25 15:55:43|BasicPrivateLabelLoader.printInfo:380] Not a 'Track/Service' servlet
[INFO_|07/25 15:55:43|DCServerFactory._loadDCServerXML:614] DCServerConfig XML file not loaded: /home/protocol/tomcat/webapps/events/WEB-INF/dcservers.xml
[INFO_|07/25 15:55:43|RTConfigContextListener.contextInitialized:211] java.awt.headless=false
[INFO_|07/25 15:58:24|RTConfigContextListener.contextDestroyed:243] Remaining pool threads [0]: 0
[INFO_|07/25 15:58:24|RTConfigContextListener.contextDestroyed:246] ... Servlet Context destroyed: DeviceEvents
[INFO_|07/25 15:58:24|RTConfigContextListener.contextDestroyed:247] -----------------------------------------------
[INFO_|07/25 15:58:25|OSTools.printMemoryUsage:448] Memory-K: max=429632, total=131904, free=84467, used=47437
[INFO_|07/25 15:58:25|BasicPrivateLabelLoader.printInfo:380] Not a 'Track/Service' servlet
[INFO_|07/25 15:58:25|DCServerFactory._loadDCServerXML:614] DCServerConfig XML file not loaded: /home/protocol/tomcat/webapps/events/WEB-INF/dcservers.xml
[INFO_|07/25 15:58:25|RTConfigContextListener.contextInitialized:211] java.awt.headless=false
[INFO_|07/25 21:57:56|RTConfigContextListener.contextDestroyed:243] Remaining pool threads [0]: 0
[INFO_|07/25 21:57:57|RTConfigContextListener.contextDestroyed:246] ... Servlet Context destroyed: DeviceEvents
[INFO_|07/25 21:57:57|RTConfigContextListener.contextDestroyed:247] -----------------------------------------------
[INFO_|07/28 00:15:56|OSTools.printMemoryUsage:448] Memory-K: max=429632, total=126912, free=94105, used=32807
[INFO_|07/28 00:15:57|BasicPrivateLabelLoader.printInfo:380] Not a 'Track/Service' servlet
[INFO_|07/28 00:15:57|DCServerFactory._loadDCServerXML:614] DCServerConfig XML file not loaded: /home/protocol/tomcat/webapps/events/WEB-INF/dcservers.xml
[INFO_|07/28 00:15:57|RTConfigContextListener.contextInitialized:211] java.awt.headless=false
[INFO_|07/28 00:19:16|RTConfigContextListener.contextDestroyed:243] Remaining pool threads [0]: 0
[INFO_|07/28 00:19:16|RTConfigContextListener.contextDestroyed:246] ... Servlet Context destroyed: DeviceEvents
[INFO_|07/28 00:19:16|RTConfigContextListener.contextDestroyed:247] -----------------------------------------------
[INFO_|07/30 16:36:04|OSTools.printMemoryUsage:448] Memory-K: max=429632, total=83392, free=20093, used=63299
[INFO_|07/30 16:36:05|BasicPrivateLabelLoader.printInfo:380] Not a 'Track/Service' servlet
[INFO_|07/30 16:36:05|DCServerFactory._loadDCServerXML:614] DCServerConfig XML file not loaded: /home/protocol/tomcat/webapps/events/WEB-INF/dcservers.xml
[INFO_|07/30 16:36:05|RTConfigContextListener.contextInitialized:211] java.awt.headless=false
[INFO_|07/30 16:39:20|RTConfigContextListener.contextDestroyed:243] Remaining pool threads [0]: 0
[INFO_|07/30 16:39:20|RTConfigContextListener.contextDestroyed:246] ... Servlet Context destroyed: DeviceEvents
[INFO_|07/30 16:39:20|RTConfigContextListener.contextDestroyed:247] -----------------------------------------------
[INFO_|07/30 16:39:29|OSTools.printMemoryUsage:448] Memory-K: max=429632, total=72832, free=3717, used=69115
[INFO_|07/30 16:39:30|BasicPrivateLabelLoader.printInfo:380] Not a 'Track/Service' servlet
[INFO_|07/30 16:39:30|DCServerFactory._loadDCServerXML:614] DCServerConfig XML file not loaded: /home/protocol/tomcat/webapps/events/WEB-INF/dcservers.xml
[INFO_|07/30 16:39:30|RTConfigContextListener.contextInitialized:211] java.awt.headless=false
[INFO_|07/30 16:40:34|RTConfigContextListener.contextDestroyed:243] Remaining pool threads [0]: 0
[INFO_|07/30 16:40:34|RTConfigContextListener.contextDestroyed:246] ... Servlet Context destroyed: DeviceEvents
[INFO_|07/30 16:40:34|RTConfigContextListener.contextDestroyed:247] -----------------------------------------------
[INFO_|07/30 16:42:11|OSTools.printMemoryUsage:448] Memory-K: max=429632, total=130432, free=97819, used=32613
[INFO_|07/30 16:42:11|BasicPrivateLabelLoader.printInfo:380] Not a 'Track/Service' servlet
[INFO_|07/30 16:42:12|DCServerFactory._loadDCServerXML:614] DCServerConfig XML file not loaded: /home/protocol/tomcat/webapps/events/WEB-INF/dcservers.xml
[INFO_|07/30 16:42:12|RTConfigContextListener.contextInitialized:211] java.awt.headless=false
[INFO_|07/30 17:06:57|RTConfigContextListener.contextDestroyed:243] Remaining pool threads [0]: 0
[INFO_|07/30 17:06:57|RTConfigContextListener.contextDestroyed:246] ... Servlet Context destroyed: DeviceEvents
[INFO_|07/30 17:06:57|RTConfigContextListener.contextDestroyed:247] -----------------------------------------------
[INFO_|07/30 21:08:41|OSTools.printMemoryUsage:448] Memory-K: max=429632, total=94912, free=47327, used=47585
[INFO_|07/30 21:08:41|BasicPrivateLabelLoader.printInfo:380] Not a 'Track/Service' servlet
[INFO_|07/30 21:08:41|DCServerFactory._loadDCServerXML:614] DCServerConfig XML file not loaded: /home/protocol/java/apache-tomcat-5.5.36/webapps/events/WEB-INF/dcservers.xml
[INFO_|07/30 21:08:41|RTConfigContextListener.contextInitialized:211] java.awt.headless=false
[INFO_|07/30 22:12:26|RTConfigContextListener.contextDestroyed:243] Remaining pool threads [0]: 0
[INFO_|07/30 22:12:26|RTConfigContextListener.contextDestroyed:246] ... Servlet Context destroyed: DeviceEvents
[INFO_|07/30 22:12:26|RTConfigContextListener.contextDestroyed:247] -----------------------------------------------
[INFO_|07/31 18:01:34|OSTools.printMemoryUsage:448] Memory-K: max=429632, total=71872, free=35495, used=36377
[INFO_|07/31 18:01:34|BasicPrivateLabelLoader.printInfo:380] Not a 'Track/Service' servlet
[INFO_|07/31 18:01:34|DCServerFactory._loadDCServerXML:614] DCServerConfig XML file not loaded: /home/protocol/tomcat/webapps/events/WEB-INF/dcservers.xml
[INFO_|07/31 18:01:34|RTConfigContextListener.contextInitialized:211] java.awt.headless=false
[INFO_|07/31 19:50:26|RTConfigContextListener.contextDestroyed:243] Remaining pool threads [0]: 0
[INFO_|07/31 19:50:26|RTConfigContextListener.contextDestroyed:246] ... Servlet Context destroyed: DeviceEvents
[INFO_|07/31 19:50:26|RTConfigContextListener.contextDestroyed:247] -----------------------------------------------
[INFO_|07/31 21:12:10|OSTools.printMemoryUsage:448] Memory-K: max=429632, total=103232, free=76457, used=26775
[INFO_|07/31 21:12:11|BasicPrivateLabelLoader.printInfo:380] Not a 'Track/Service' servlet
[INFO_|07/31 21:12:11|DCServerFactory._loadDCServerXML:614] DCServerConfig XML file not loaded: /home/protocol/tomcat/webapps/events/WEB-INF/dcservers.xml
[INFO_|07/31 21:12:11|RTConfigContextListener.contextInitialized:211] java.awt.headless=false
[INFO_|07/31 22:04:13|RTConfigContextListener.contextDestroyed:243] Remaining pool threads [0]: 0
[INFO_|07/31 22:04:13|RTConfigContextListener.contextDestroyed:246] ... Servlet Context destroyed: DeviceEvents
[INFO_|07/31 22:04:13|RTConfigContextListener.contextDestroyed:247] -----------------------------------------------
[INFO_|08/01 01:26:06|OSTools.printMemoryUsage:448] Memory-K: max=429632, total=84032, free=14213, used=69819
[INFO_|08/01 01:26:06|BasicPrivateLabelLoader.printInfo:380] Not a 'Track/Service' servlet
[INFO_|08/01 01:26:07|DCServerFactory._loadDCServerXML:614] DCServerConfig XML file not loaded: /home/protocol/tomcat/webapps/events/WEB-INF/dcservers.xml
[INFO_|08/01 01:26:07|RTConfigContextListener.contextInitialized:211] java.awt.headless=false
[INFO_|08/01 01:54:38|RTConfigContextListener.contextDestroyed:243] Remaining pool threads [0]: 0
[INFO_|08/01 01:54:38|RTConfigContextListener.contextDestroyed:246] ... Servlet Context destroyed: DeviceEvents
[INFO_|08/01 01:54:38|RTConfigContextListener.contextDestroyed:247] -----------------------------------------------
[INFO_|08/01 01:54:44|OSTools.printMemoryUsage:448] Memory-K: max=429632, total=71808, free=16717, used=55091
[INFO_|08/01 01:54:44|BasicPrivateLabelLoader.printInfo:380] Not a 'Track/Service' servlet
[INFO_|08/01 01:54:44|DCServerFactory._loadDCServerXML:614] DCServerConfig XML file not loaded: /home/protocol/tomcat/webapps/events/WEB-INF/dcservers.xml
[INFO_|08/01 01:54:44|RTConfigContextListener.contextInitialized:211] java.awt.headless=false
[INFO_|08/01 01:56:03|RTConfigContextListener.contextDestroyed:243] Remaining pool threads [0]: 0
[INFO_|08/01 01:56:03|RTConfigContextListener.contextDestroyed:246] ... Servlet Context destroyed: DeviceEvents
[INFO_|08/01 01:56:03|RTConfigContextListener.contextDestroyed:247] -----------------------------------------------
[INFO_|08/01 01:56:07|OSTools.printMemoryUsage:448] Memory-K: max=429632, total=100096, free=72804, used=27292
[INFO_|08/01 01:56:07|BasicPrivateLabelLoader.printInfo:380] Not a 'Track/Service' servlet
[INFO_|08/01 01:56:07|DCServerFactory._loadDCServerXML:614] DCServerConfig XML file not loaded: /home/protocol/tomcat/webapps/events/WEB-INF/dcservers.xml
[INFO_|08/01 01:56:07|RTConfigContextListener.contextInitialized:211] java.awt.headless=false
[INFO_|08/01 02:02:39|RTConfigContextListener.contextDestroyed:243] Remaining pool threads [0]: 0
[INFO_|08/01 02:02:39|RTConfigContextListener.contextDestroyed:246] ... Servlet Context destroyed: DeviceEvents
[INFO_|08/01 02:02:39|RTConfigContextListener.contextDestroyed:247] -----------------------------------------------
[INFO_|08/01 02:02:43|OSTools.printMemoryUsage:448] Memory-K: max=429632, total=102848, free=73162, used=29686
[INFO_|08/01 02:02:43|BasicPrivateLabelLoader.printInfo:380] Not a 'Track/Service' servlet
[INFO_|08/01 02:02:43|DCServerFactory._loadDCServerXML:614] DCServerConfig XML file not loaded: /home/protocol/tomcat/webapps/events/WEB-INF/dcservers.xml
[INFO_|08/01 02:02:43|RTConfigContextListener.contextInitialized:211] java.awt.headless=false
[INFO_|08/01 02:06:15|RTConfigContextListener.contextDestroyed:243] Remaining pool threads [0]: 0
[INFO_|08/01 02:06:15|RTConfigContextListener.contextDestroyed:246] ... Servlet Context destroyed: DeviceEvents
[INFO_|08/01 02:06:15|RTConfigContextListener.contextDestroyed:247] -----------------------------------------------
[INFO_|08/01 02:07:32|OSTools.printMemoryUsage:448] Memory-K: max=429632, total=103616, free=74403, used=29213
[INFO_|08/01 02:07:32|BasicPrivateLabelLoader.printInfo:380] Not a 'Track/Service' servlet
[INFO_|08/01 02:07:32|DCServerFactory._loadDCServerXML:614] DCServerConfig XML file not loaded: /home/protocol/tomcat/webapps/events/WEB-INF/dcservers.xml
[INFO_|08/01 02:07:32|RTConfigContextListener.contextInitialized:211] java.awt.headless=false
[INFO_|08/01 11:38:17|RTConfigContextListener.contextDestroyed:243] Remaining pool threads [0]: 0
[INFO_|08/01 11:38:17|RTConfigContextListener.contextDestroyed:246] ... Servlet Context destroyed: DeviceEvents
[INFO_|08/01 11:38:17|RTConfigContextListener.contextDestroyed:247] -----------------------------------------------
[INFO_|08/04 08:43:35|OSTools.printMemoryUsage:448] Memory-K: max=429632, total=84416, free=13666, used=70750
[INFO_|08/04 08:43:36|BasicPrivateLabelLoader.printInfo:380] Not a 'Track/Service' servlet
[INFO_|08/04 08:43:36|DCServerFactory._loadDCServerXML:614] DCServerConfig XML file not loaded: /home/protocol/tomcat/webapps/events/WEB-INF/dcservers.xml
[INFO_|08/04 08:43:36|RTConfigContextListener.contextInitialized:211] java.awt.headless=false
[INFO_|08/04 10:25:38|RTConfigContextListener.contextDestroyed:243] Remaining pool threads [0]: 0
[INFO_|08/04 10:25:38|RTConfigContextListener.contextDestroyed:246] ... Servlet Context destroyed: DeviceEvents
[INFO_|08/04 10:25:38|RTConfigContextListener.contextDestroyed:247] -----------------------------------------------
