[INFO_|06/14 18:59:25|Main.main:199] ----------------------------------------------------------------
[INFO_|06/14 18:59:25|Main.main:200] OpenDMTP (GTS) Java Server
[INFO_|06/14 18:59:25|Main.main:201] Copyright 2007-2013, GeoTelematic Solutions, Inc.
[INFO_|06/14 18:59:25|Main.main:202] DMTP Version     : 1.3.6
[INFO_|06/14 18:59:25|Main.main:203] GTSDMTP Version  : 1.2.3
[INFO_|06/14 18:59:25|Main.main:204] GTS  Version     : 2.4.9
[INFO_|06/14 18:59:25|Main.main:205] SQL Database Name: gts
[INFO_|06/14 18:59:25|Main.main:206] Transport Enabled: true
[INFO_|06/14 18:59:25|Main.main:207] Message Log Level: INFO_
[INFO_|06/14 18:59:25|Main.main:209] ----------------------------------------------------------------
[INFO_|06/14 18:59:27|Main.main:252] UDP responses/acks will be returned to UDP packets ...
[INFO_|06/14 18:59:27|DeviceDBImpl.configInit:107] Estimate Odometer  : false
[INFO_|06/14 18:59:27|DeviceDBImpl.configInit:108] Simulated Geozones : false
[INFO_|06/14 18:59:27|DMTPServer.startTCP:251] DMTP: Starting TCP listener thread on port 31000 [timeout=15000ms] ...
[INFO_|06/14 18:59:27|DMTPServer.startUDP:291] DMTP: Starting UDP listener thread on port 31000 [timeout=60000ms] ...
[INFO_|06/14 19:08:05|Main.main:199] ----------------------------------------------------------------
[INFO_|06/14 19:08:05|Main.main:200] OpenDMTP (GTS) Java Server
[INFO_|06/14 19:08:05|Main.main:201] Copyright 2007-2013, GeoTelematic Solutions, Inc.
[INFO_|06/14 19:08:05|Main.main:202] DMTP Version     : 1.3.6
[INFO_|06/14 19:08:05|Main.main:203] GTSDMTP Version  : 1.2.3
[INFO_|06/14 19:08:05|Main.main:204] GTS  Version     : 2.4.9
[INFO_|06/14 19:08:05|Main.main:205] SQL Database Name: gts
[INFO_|06/14 19:08:05|Main.main:206] Transport Enabled: true
[INFO_|06/14 19:08:05|Main.main:207] Message Log Level: INFO_
[INFO_|06/14 19:08:05|Main.main:209] ----------------------------------------------------------------
[INFO_|06/14 19:08:05|Main.main:252] UDP responses/acks will be returned to UDP packets ...
[INFO_|06/14 19:08:05|DeviceDBImpl.configInit:107] Estimate Odometer  : false
[INFO_|06/14 19:08:05|DeviceDBImpl.configInit:108] Simulated Geozones : false
[INFO_|06/14 19:08:05|DMTPServer.startTCP:251] DMTP: Starting TCP listener thread on port 31000 [timeout=15000ms] ...
[INFO_|06/14 19:08:05|DMTPServer.startUDP:291] DMTP: Starting UDP listener thread on port 31000 [timeout=60000ms] ...
[INFO_|06/14 19:12:06|Main.main:199] ----------------------------------------------------------------
[INFO_|06/14 19:12:06|Main.main:200] OpenDMTP (GTS) Java Server
[INFO_|06/14 19:12:06|Main.main:201] Copyright 2007-2013, GeoTelematic Solutions, Inc.
[INFO_|06/14 19:12:06|Main.main:202] DMTP Version     : 1.3.6
[INFO_|06/14 19:12:06|Main.main:203] GTSDMTP Version  : 1.2.3
[INFO_|06/14 19:12:06|Main.main:204] GTS  Version     : 2.4.9
[INFO_|06/14 19:12:06|Main.main:205] SQL Database Name: gts
[INFO_|06/14 19:12:06|Main.main:206] Transport Enabled: true
[INFO_|06/14 19:12:06|Main.main:207] Message Log Level: INFO_
[INFO_|06/14 19:12:06|Main.main:209] ----------------------------------------------------------------
[INFO_|06/14 19:12:07|Main.main:252] UDP responses/acks will be returned to UDP packets ...
[INFO_|06/14 19:12:07|DeviceDBImpl.configInit:107] Estimate Odometer  : false
[INFO_|06/14 19:12:07|DeviceDBImpl.configInit:108] Simulated Geozones : false
[INFO_|06/14 19:12:07|DMTPServer.startTCP:251] DMTP: Starting TCP listener thread on port 31000 [timeout=15000ms] ...
[INFO_|06/14 19:12:07|DMTPServer.startUDP:291] DMTP: Starting UDP listener thread on port 31000 [timeout=60000ms] ...
[INFO_|06/14 19:13:17|Main.main:199] ----------------------------------------------------------------
[INFO_|06/14 19:13:17|Main.main:200] OpenDMTP (GTS) Java Server
[INFO_|06/14 19:13:17|Main.main:201] Copyright 2007-2013, GeoTelematic Solutions, Inc.
[INFO_|06/14 19:13:17|Main.main:202] DMTP Version     : 1.3.6
[INFO_|06/14 19:13:17|Main.main:203] GTSDMTP Version  : 1.2.3
[INFO_|06/14 19:13:17|Main.main:204] GTS  Version     : 2.4.9
[INFO_|06/14 19:13:17|Main.main:205] SQL Database Name: gts
[INFO_|06/14 19:13:17|Main.main:206] Transport Enabled: true
[INFO_|06/14 19:13:17|Main.main:207] Message Log Level: INFO_
[INFO_|06/14 19:13:17|Main.main:209] ----------------------------------------------------------------
[INFO_|06/14 19:13:18|Main.main:252] UDP responses/acks will be returned to UDP packets ...
[INFO_|06/14 19:13:18|DeviceDBImpl.configInit:107] Estimate Odometer  : false
[INFO_|06/14 19:13:18|DeviceDBImpl.configInit:108] Simulated Geozones : false
[INFO_|06/14 19:13:18|DMTPServer.startTCP:251] DMTP: Starting TCP listener thread on port 31000 [timeout=15000ms] ...
[INFO_|06/14 19:13:18|DMTPServer.startUDP:291] DMTP: Starting UDP listener thread on port 31000 [timeout=60000ms] ...
