[INFO_|07/25 15:59:06|OSTools.printMemoryUsage:448] Memory-K: max=429632, total=135424, free=50575, used=84849
[INFO_|07/25 15:59:07|BasicPrivateLabelLoader.printInfo:380] Not a 'Track/Service' servlet
[WARN_|07/25 15:59:07|DCServerFactory._loadDCServerXML:607] DCServerConfig XML file not found: dcserver_w-gprmc.xml
[INFO_|07/25 15:59:07|DCServerFactory._loadDCServerXML:614] DCServerConfig XML file not loaded: /home/protocol/tomcat/webapps/gprmc/WEB-INF/dcservers.xml
[INFO_|07/25 15:59:07|RTConfigContextListener.contextInitialized:211] java.awt.headless=false
[INFO_|07/25 21:57:57|RTConfigContextListener.contextDestroyed:243] Remaining pool threads [0]: 0
[INFO_|07/25 21:57:57|RTConfigContextListener.contextDestroyed:246] ... Servlet Context destroyed: dcs:w-gprmc
[INFO_|07/25 21:57:57|RTConfigContextListener.contextDestroyed:247] -----------------------------------------------
[INFO_|07/28 00:15:58|OSTools.printMemoryUsage:448] Memory-K: max=429632, total=147968, free=80245, used=67723
[INFO_|07/28 00:15:59|BasicPrivateLabelLoader.printInfo:380] Not a 'Track/Service' servlet
[WARN_|07/28 00:15:59|DCServerFactory._loadDCServerXML:607] DCServerConfig XML file not found: dcserver_w-gprmc.xml
[INFO_|07/28 00:15:59|DCServerFactory._loadDCServerXML:614] DCServerConfig XML file not loaded: /home/protocol/tomcat/webapps/gprmc/WEB-INF/dcservers.xml
[INFO_|07/28 00:15:59|RTConfigContextListener.contextInitialized:211] java.awt.headless=false
[INFO_|07/28 00:19:16|RTConfigContextListener.contextDestroyed:243] Remaining pool threads [0]: 0
[INFO_|07/28 00:19:16|RTConfigContextListener.contextDestroyed:246] ... Servlet Context destroyed: dcs:w-gprmc
[INFO_|07/28 00:19:16|RTConfigContextListener.contextDestroyed:247] -----------------------------------------------
[INFO_|07/30 16:36:06|OSTools.printMemoryUsage:448] Memory-K: max=429632, total=112960, free=37717, used=75243
[INFO_|07/30 16:36:07|BasicPrivateLabelLoader.printInfo:380] Not a 'Track/Service' servlet
[WARN_|07/30 16:36:07|DCServerFactory._loadDCServerXML:607] DCServerConfig XML file not found: dcserver_w-gprmc.xml
[INFO_|07/30 16:36:07|DCServerFactory._loadDCServerXML:614] DCServerConfig XML file not loaded: /home/protocol/tomcat/webapps/gprmc/WEB-INF/dcservers.xml
[INFO_|07/30 16:36:07|RTConfigContextListener.contextInitialized:211] java.awt.headless=false
[INFO_|07/30 16:39:21|RTConfigContextListener.contextDestroyed:243] Remaining pool threads [0]: 0
[INFO_|07/30 16:39:21|RTConfigContextListener.contextDestroyed:246] ... Servlet Context destroyed: dcs:w-gprmc
[INFO_|07/30 16:39:21|RTConfigContextListener.contextDestroyed:247] -----------------------------------------------
[INFO_|07/30 16:39:31|OSTools.printMemoryUsage:448] Memory-K: max=429632, total=114112, free=48055, used=66057
[INFO_|07/30 16:39:31|BasicPrivateLabelLoader.printInfo:380] Not a 'Track/Service' servlet
[WARN_|07/30 16:39:31|DCServerFactory._loadDCServerXML:607] DCServerConfig XML file not found: dcserver_w-gprmc.xml
[INFO_|07/30 16:39:31|DCServerFactory._loadDCServerXML:614] DCServerConfig XML file not loaded: /home/protocol/tomcat/webapps/gprmc/WEB-INF/dcservers.xml
[INFO_|07/30 16:39:31|RTConfigContextListener.contextInitialized:211] java.awt.headless=false
[INFO_|07/30 16:40:35|RTConfigContextListener.contextDestroyed:243] Remaining pool threads [0]: 0
[INFO_|07/30 16:40:35|RTConfigContextListener.contextDestroyed:246] ... Servlet Context destroyed: dcs:w-gprmc
[INFO_|07/30 16:40:35|RTConfigContextListener.contextDestroyed:247] -----------------------------------------------
[INFO_|07/30 16:42:13|OSTools.printMemoryUsage:448] Memory-K: max=429632, total=154112, free=86994, used=67118
[INFO_|07/30 16:42:13|BasicPrivateLabelLoader.printInfo:380] Not a 'Track/Service' servlet
[WARN_|07/30 16:42:13|DCServerFactory._loadDCServerXML:607] DCServerConfig XML file not found: dcserver_w-gprmc.xml
[INFO_|07/30 16:42:13|DCServerFactory._loadDCServerXML:614] DCServerConfig XML file not loaded: /home/protocol/tomcat/webapps/gprmc/WEB-INF/dcservers.xml
[INFO_|07/30 16:42:13|RTConfigContextListener.contextInitialized:211] java.awt.headless=false
[INFO_|07/30 17:07:22|RTConfigContextListener.contextDestroyed:243] Remaining pool threads [0]: 0
[INFO_|07/30 17:07:22|RTConfigContextListener.contextDestroyed:246] ... Servlet Context destroyed: dcs:w-gprmc
[INFO_|07/30 17:07:22|RTConfigContextListener.contextDestroyed:247] -----------------------------------------------
