[INFO_|07/25 15:59:28|OSTools.printMemoryUsage:448] Memory-K: max=429632, total=132928, free=21162, used=111766
[INFO_|07/25 15:59:28|BasicPrivateLabelLoader.printInfo:380] Not a 'Track/Service' servlet
[WARN_|07/25 15:59:28|DCServerFactory._loadDCServerXML:607] DCServerConfig XML file not found: dcserver_w-mologogo.xml
[INFO_|07/25 15:59:28|DCServerFactory._loadDCServerXML:614] DCServerConfig XML file not loaded: /home/protocol/tomcat/webapps/mologogo/WEB-INF/dcservers.xml
[INFO_|07/25 15:59:28|RTConfigContextListener.contextInitialized:211] java.awt.headless=false
[INFO_|07/25 21:57:59|RTConfigContextListener.contextDestroyed:243] Remaining pool threads [0]: 0
[INFO_|07/25 21:57:59|RTConfigContextListener.contextDestroyed:246] ... Servlet Context destroyed: dcs:w-mologogo
[INFO_|07/25 21:57:59|RTConfigContextListener.contextDestroyed:247] -----------------------------------------------
[INFO_|07/28 00:15:55|OSTools.printMemoryUsage:448] Memory-K: max=429632, total=100096, free=73882, used=26214
[INFO_|07/28 00:15:56|BasicPrivateLabelLoader.printInfo:380] Not a 'Track/Service' servlet
[WARN_|07/28 00:15:56|DCServerFactory._loadDCServerXML:607] DCServerConfig XML file not found: dcserver_w-mologogo.xml
[INFO_|07/28 00:15:56|DCServerFactory._loadDCServerXML:614] DCServerConfig XML file not loaded: /home/protocol/tomcat/webapps/mologogo/WEB-INF/dcservers.xml
[INFO_|07/28 00:15:56|RTConfigContextListener.contextInitialized:211] java.awt.headless=false
[INFO_|07/28 00:19:17|RTConfigContextListener.contextDestroyed:243] Remaining pool threads [0]: 0
[INFO_|07/28 00:19:17|RTConfigContextListener.contextDestroyed:246] ... Servlet Context destroyed: dcs:w-mologogo
[INFO_|07/28 00:19:17|RTConfigContextListener.contextDestroyed:247] -----------------------------------------------
[INFO_|07/30 16:36:03|OSTools.printMemoryUsage:448] Memory-K: max=429632, total=72128, free=18039, used=54089
[INFO_|07/30 16:36:04|BasicPrivateLabelLoader.printInfo:380] Not a 'Track/Service' servlet
[WARN_|07/30 16:36:04|DCServerFactory._loadDCServerXML:607] DCServerConfig XML file not found: dcserver_w-mologogo.xml
[INFO_|07/30 16:36:04|DCServerFactory._loadDCServerXML:614] DCServerConfig XML file not loaded: /home/protocol/tomcat/webapps/mologogo/WEB-INF/dcservers.xml
[INFO_|07/30 16:36:04|RTConfigContextListener.contextInitialized:211] java.awt.headless=false
[INFO_|07/30 16:39:22|RTConfigContextListener.contextDestroyed:243] Remaining pool threads [0]: 0
[INFO_|07/30 16:39:22|RTConfigContextListener.contextDestroyed:246] ... Servlet Context destroyed: dcs:w-mologogo
[INFO_|07/30 16:39:22|RTConfigContextListener.contextDestroyed:247] -----------------------------------------------
[INFO_|07/30 16:39:28|OSTools.printMemoryUsage:448] Memory-K: max=429632, total=71872, free=17786, used=54086
[INFO_|07/30 16:39:29|BasicPrivateLabelLoader.printInfo:380] Not a 'Track/Service' servlet
[WARN_|07/30 16:39:29|DCServerFactory._loadDCServerXML:607] DCServerConfig XML file not found: dcserver_w-mologogo.xml
[INFO_|07/30 16:39:29|DCServerFactory._loadDCServerXML:614] DCServerConfig XML file not loaded: /home/protocol/tomcat/webapps/mologogo/WEB-INF/dcservers.xml
[INFO_|07/30 16:39:29|RTConfigContextListener.contextInitialized:211] java.awt.headless=false
[INFO_|07/30 16:40:36|RTConfigContextListener.contextDestroyed:243] Remaining pool threads [0]: 0
[INFO_|07/30 16:40:36|RTConfigContextListener.contextDestroyed:246] ... Servlet Context destroyed: dcs:w-mologogo
[INFO_|07/30 16:40:36|RTConfigContextListener.contextDestroyed:247] -----------------------------------------------
[INFO_|07/30 16:42:10|OSTools.printMemoryUsage:448] Memory-K: max=429632, total=101568, free=73948, used=27620
[INFO_|07/30 16:42:11|BasicPrivateLabelLoader.printInfo:380] Not a 'Track/Service' servlet
[WARN_|07/30 16:42:11|DCServerFactory._loadDCServerXML:607] DCServerConfig XML file not found: dcserver_w-mologogo.xml
[INFO_|07/30 16:42:11|DCServerFactory._loadDCServerXML:614] DCServerConfig XML file not loaded: /home/protocol/tomcat/webapps/mologogo/WEB-INF/dcservers.xml
[INFO_|07/30 16:42:11|RTConfigContextListener.contextInitialized:211] java.awt.headless=false
[INFO_|07/30 17:06:29|RTConfigContextListener.contextDestroyed:243] Remaining pool threads [0]: 0
[INFO_|07/30 17:06:29|RTConfigContextListener.contextDestroyed:246] ... Servlet Context destroyed: dcs:w-mologogo
[INFO_|07/30 17:06:29|RTConfigContextListener.contextDestroyed:247] -----------------------------------------------
